  [1m[35m (1.6ms)[0m  [1m[34mSELECT sqlite_version(*)[0m
  [1m[35m (2.2ms)[0m  [1m[35mCREATE TABLE "schema_migrations" ("version" varchar NOT NULL PRIMARY KEY)[0m
  [1m[35m (1.8ms)[0m  [1m[35mCREATE TABLE "ar_internal_metadata" ("key" varchar NOT NULL PRIMARY KEY, "value" varchar, "created_at" datetime(6) NOT NULL, "updated_at" datetime(6) NOT NULL)[0m
  [1m[35m (0.2ms)[0m  [1m[34mSELECT "schema_migrations"."version" FROM "schema_migrations" ORDER BY "schema_migrations"."version" ASC[0m
Migrating to CreateUsers (20200311183706)
  [1m[35m (0.1ms)[0m  [1m[36mbegin transaction[0m
  [1m[35m (0.5ms)[0m  [1m[35mCREATE TABLE "users" ("id" integer PRIMARY KEY AUTOINCREMENT NOT NULL, "email" varchar, "name" varchar, "password" varchar, "created_at" datetime(6) NOT NULL, "updated_at" datetime(6) NOT NULL)[0m
  [1m[36mprimary::SchemaMigration Create (0.2ms)[0m  [1m[32mINSERT INTO "schema_migrations" ("version") VALUES (?)[0m  [["version", "20200311183706"]]
  [1m[35m (1.4ms)[0m  [1m[36mcommit transaction[0m
Migrating to CreateHabits (20200311184142)
  [1m[35m (0.1ms)[0m  [1m[36mbegin transaction[0m
  [1m[35m (0.5ms)[0m  [1m[35mCREATE TABLE "habits" ("id" integer PRIMARY KEY AUTOINCREMENT NOT NULL, "name" varchar, "user_id" integer NOT NULL, "start_date" date, "end_date" date, "created_at" datetime(6) NOT NULL, "updated_at" datetime(6) NOT NULL, CONSTRAINT "fk_rails_541267aaf9"
FOREIGN KEY ("user_id")
  REFERENCES "users" ("id")
)[0m
  [1m[35m (0.1ms)[0m  [1m[35mCREATE  INDEX "index_habits_on_user_id" ON "habits" ("user_id")[0m
  [1m[36mprimary::SchemaMigration Create (0.2ms)[0m  [1m[32mINSERT INTO "schema_migrations" ("version") VALUES (?)[0m  [["version", "20200311184142"]]
  [1m[35m (1.2ms)[0m  [1m[36mcommit transaction[0m
Migrating to CreateHabitRecords (20200311184400)
  [1m[35m (0.1ms)[0m  [1m[36mbegin transaction[0m
  [1m[35m (0.4ms)[0m  [1m[35mCREATE TABLE "habit_records" ("id" integer PRIMARY KEY AUTOINCREMENT NOT NULL, "habit_id" integer NOT NULL, "yes_date" date, "created_at" datetime(6) NOT NULL, "updated_at" datetime(6) NOT NULL, CONSTRAINT "fk_rails_939ca67622"
FOREIGN KEY ("habit_id")
  REFERENCES "habits" ("id")
)[0m
  [1m[35m (0.2ms)[0m  [1m[35mCREATE  INDEX "index_habit_records_on_habit_id" ON "habit_records" ("habit_id")[0m
  [1m[36mprimary::SchemaMigration Create (0.2ms)[0m  [1m[32mINSERT INTO "schema_migrations" ("version") VALUES (?)[0m  [["version", "20200311184400"]]
  [1m[35m (1.0ms)[0m  [1m[36mcommit transaction[0m
Migrating to CreateMoodRecords (20200311185333)
  [1m[35m (0.1ms)[0m  [1m[36mbegin transaction[0m
  [1m[35m (0.7ms)[0m  [1m[35mCREATE TABLE "mood_records" ("id" integer PRIMARY KEY AUTOINCREMENT NOT NULL, "user_id" integer NOT NULL, "mood" integer, "date" date, "created_at" datetime(6) NOT NULL, "updated_at" datetime(6) NOT NULL, CONSTRAINT "fk_rails_5ce2bb1f9c"
FOREIGN KEY ("user_id")
  REFERENCES "users" ("id")
)[0m
  [1m[35m (0.1ms)[0m  [1m[35mCREATE  INDEX "index_mood_records_on_user_id" ON "mood_records" ("user_id")[0m
  [1m[36mprimary::SchemaMigration Create (0.3ms)[0m  [1m[32mINSERT INTO "schema_migrations" ("version") VALUES (?)[0m  [["version", "20200311185333"]]
  [1m[35m (1.4ms)[0m  [1m[36mcommit transaction[0m
Migrating to CreateLifeWheels (20200311185455)
  [1m[35m (0.1ms)[0m  [1m[36mbegin transaction[0m
  [1m[35m (0.3ms)[0m  [1m[35mCREATE TABLE "life_wheels" ("id" integer PRIMARY KEY AUTOINCREMENT NOT NULL, "user_id" integer NOT NULL, "name" varchar, "date" date, "created_at" datetime(6) NOT NULL, "updated_at" datetime(6) NOT NULL, CONSTRAINT "fk_rails_348c45e67d"
FOREIGN KEY ("user_id")
  REFERENCES "users" ("id")
)[0m
  [1m[35m (0.2ms)[0m  [1m[35mCREATE  INDEX "index_life_wheels_on_user_id" ON "life_wheels" ("user_id")[0m
  [1m[36mprimary::SchemaMigration Create (0.2ms)[0m  [1m[32mINSERT INTO "schema_migrations" ("version") VALUES (?)[0m  [["version", "20200311185455"]]
  [1m[35m (0.9ms)[0m  [1m[36mcommit transaction[0m
Migrating to CreateCategories (20200311185555)
  [1m[35m (0.4ms)[0m  [1m[36mbegin transaction[0m
  [1m[35m (0.3ms)[0m  [1m[35mCREATE TABLE "categories" ("id" integer PRIMARY KEY AUTOINCREMENT NOT NULL, "user_id" integer NOT NULL, "name" varchar, "created_at" datetime(6) NOT NULL, "updated_at" datetime(6) NOT NULL, CONSTRAINT "fk_rails_b8e2f7adfc"
FOREIGN KEY ("user_id")
  REFERENCES "users" ("id")
)[0m
  [1m[35m (0.1ms)[0m  [1m[35mCREATE  INDEX "index_categories_on_user_id" ON "categories" ("user_id")[0m
  [1m[36mprimary::SchemaMigration Create (0.2ms)[0m  [1m[32mINSERT INTO "schema_migrations" ("version") VALUES (?)[0m  [["version", "20200311185555"]]
  [1m[35m (0.9ms)[0m  [1m[36mcommit transaction[0m
Migrating to CreateCategoryScores (20200311185714)
  [1m[35m (0.2ms)[0m  [1m[36mbegin transaction[0m
  [1m[35m (0.8ms)[0m  [1m[35mCREATE TABLE "category_scores" ("id" integer PRIMARY KEY AUTOINCREMENT NOT NULL, "category_id" integer NOT NULL, "life_wheel_id" integer NOT NULL, "score" integer, "comment" varchar, "created_at" datetime(6) NOT NULL, "updated_at" datetime(6) NOT NULL, CONSTRAINT "fk_rails_f7108faf6c"
FOREIGN KEY ("category_id")
  REFERENCES "categories" ("id")
, CONSTRAINT "fk_rails_048120b0b0"
FOREIGN KEY ("life_wheel_id")
  REFERENCES "life_wheels" ("id")
)[0m
  [1m[35m (0.1ms)[0m  [1m[35mCREATE  INDEX "index_category_scores_on_category_id" ON "category_scores" ("category_id")[0m
  [1m[35m (0.2ms)[0m  [1m[35mCREATE  INDEX "index_category_scores_on_life_wheel_id" ON "category_scores" ("life_wheel_id")[0m
  [1m[36mprimary::SchemaMigration Create (0.2ms)[0m  [1m[32mINSERT INTO "schema_migrations" ("version") VALUES (?)[0m  [["version", "20200311185714"]]
  [1m[35m (0.8ms)[0m  [1m[36mcommit transaction[0m
  [1m[36mActiveRecord::InternalMetadata Load (0.1ms)[0m  [1m[34mSELECT "ar_internal_metadata".* FROM "ar_internal_metadata" WHERE "ar_internal_metadata"."key" = ? LIMIT ?[0m  [["key", "environment"], ["LIMIT", 1]]
  [1m[35m (0.0ms)[0m  [1m[36mbegin transaction[0m
  [1m[36mActiveRecord::InternalMetadata Create (2.5ms)[0m  [1m[32mINSERT INTO "ar_internal_metadata" ("key", "value", "created_at", "updated_at") VALUES (?, ?, ?, ?)[0m  [["key", "environment"], ["value", "development"], ["created_at", "2020-03-11 19:35:03.500272"], ["updated_at", "2020-03-11 19:35:03.500272"]]
  [1m[35m (0.6ms)[0m  [1m[36mcommit transaction[0m
  [1m[35m (0.1ms)[0m  [1m[34mSELECT sqlite_version(*)[0m
  [1m[35m (0.2ms)[0m  [1m[34mSELECT "schema_migrations"."version" FROM "schema_migrations" ORDER BY "schema_migrations"."version" ASC[0m
  [1m[35m (1.3ms)[0m  [1m[34mSELECT sqlite_version(*)[0m
  [1m[35m (0.5ms)[0m  [1m[34mSELECT "schema_migrations"."version" FROM "schema_migrations" ORDER BY "schema_migrations"."version" ASC[0m
  [1m[35m (0.1ms)[0m  [1m[34mSELECT "schema_migrations"."version" FROM "schema_migrations" ORDER BY "schema_migrations"."version" ASC[0m
  [1m[35m (0.1ms)[0m  [1m[34mSELECT "schema_migrations"."version" FROM "schema_migrations" ORDER BY "schema_migrations"."version" ASC[0m
  [1m[35m (0.1ms)[0m  [1m[34mSELECT "schema_migrations"."version" FROM "schema_migrations" ORDER BY "schema_migrations"."version" ASC[0m
Migrating to CreateCategoryScores (20200311185714)
  [1m[35m (0.1ms)[0m  [1m[36mbegin transaction[0m
  [1m[35m (2.8ms)[0m  [1m[35mDROP TABLE "category_scores"[0m
  [1m[36mprimary::SchemaMigration Destroy (0.7ms)[0m  [1m[31mDELETE FROM "schema_migrations" WHERE "schema_migrations"."version" = ?[0m  [["version", "20200311185714"]]
  [1m[35m (1.4ms)[0m  [1m[36mcommit transaction[0m
  [1m[35m (0.1ms)[0m  [1m[34mSELECT sqlite_version(*)[0m
  [1m[35m (0.1ms)[0m  [1m[34mSELECT "schema_migrations"."version" FROM "schema_migrations" ORDER BY "schema_migrations"."version" ASC[0m
  [1m[35m (0.3ms)[0m  [1m[34mSELECT sqlite_version(*)[0m
  [1m[35m (0.1ms)[0m  [1m[34mSELECT "schema_migrations"."version" FROM "schema_migrations" ORDER BY "schema_migrations"."version" ASC[0m
  [1m[35m (0.1ms)[0m  [1m[34mSELECT "ar_internal_metadata"."value" FROM "ar_internal_metadata" WHERE "ar_internal_metadata"."key" = ?[0m  [["key", "environment"]]
  [1m[35m (0.0ms)[0m  [1m[34mSELECT "schema_migrations"."version" FROM "schema_migrations" ORDER BY "schema_migrations"."version" ASC[0m
  [1m[35m (0.1ms)[0m  [1m[34mSELECT "ar_internal_metadata"."value" FROM "ar_internal_metadata" WHERE "ar_internal_metadata"."key" = ?[0m  [["key", "environment"]]
  [1m[35m (0.0ms)[0m  [1m[34mSELECT "schema_migrations"."version" FROM "schema_migrations" ORDER BY "schema_migrations"."version" ASC[0m
  [1m[35m (0.0ms)[0m  [1m[34mSELECT "ar_internal_metadata"."value" FROM "ar_internal_metadata" WHERE "ar_internal_metadata"."key" = ?[0m  [["key", "environment"]]
  [1m[35m (289.3ms)[0m  [1m[35mCREATE DATABASE "myapp_development" ENCODING = 'unicode'[0m
  [1m[35m (87.1ms)[0m  [1m[35mCREATE DATABASE "myapp_test" ENCODING = 'unicode'[0m
  [1m[35m (228.3ms)[0m  [1m[35mCREATE DATABASE "lifewheel_api_development" ENCODING = 'unicode'[0m
  [1m[35m (99.5ms)[0m  [1m[35mCREATE DATABASE "lifewheel_api_test" ENCODING = 'unicode'[0m
  [1m[35m (73.2ms)[0m  [1m[35mCREATE TABLE "schema_migrations" ("version" character varying NOT NULL PRIMARY KEY)[0m
  [1m[35m (4.9ms)[0m  [1m[35mCREATE TABLE "ar_internal_metadata" ("key" character varying NOT NULL PRIMARY KEY, "value" character varying, "created_at" timestamp(6) NOT NULL, "updated_at" timestamp(6) NOT NULL)[0m
  [1m[35m (1.1ms)[0m  [1m[34mSELECT pg_try_advisory_lock(1278353311543750155)[0m
  [1m[35m (0.8ms)[0m  [1m[34mSELECT "schema_migrations"."version" FROM "schema_migrations" ORDER BY "schema_migrations"."version" ASC[0m
Migrating to CreateUsers (20200311183706)
  [1m[35m (0.7ms)[0m  [1m[35mBEGIN[0m
  [1m[35m (9.9ms)[0m  [1m[35mCREATE TABLE "users" ("id" bigserial primary key, "email" character varying, "name" character varying, "password" character varying, "created_at" timestamp(6) NOT NULL, "updated_at" timestamp(6) NOT NULL)[0m
  [1m[36mprimary::SchemaMigration Create (4.9ms)[0m  [1m[32mINSERT INTO "schema_migrations" ("version") VALUES ($1) RETURNING "version"[0m  [["version", "20200311183706"]]
  [1m[35m (0.6ms)[0m  [1m[35mCOMMIT[0m
Migrating to CreateHabits (20200311184142)
  [1m[35m (2.9ms)[0m  [1m[35mBEGIN[0m
  [1m[35m (13.8ms)[0m  [1m[35mCREATE TABLE "habits" ("id" bigserial primary key, "name" character varying, "user_id" bigint NOT NULL, "start_date" date, "end_date" date, "created_at" timestamp(6) NOT NULL, "updated_at" timestamp(6) NOT NULL, CONSTRAINT "fk_rails_541267aaf9"
FOREIGN KEY ("user_id")
  REFERENCES "users" ("id")
)[0m
  [1m[35m (1.3ms)[0m  [1m[35mCREATE  INDEX  "index_habits_on_user_id" ON "habits"  ("user_id")[0m
  [1m[36mprimary::SchemaMigration Create (0.7ms)[0m  [1m[32mINSERT INTO "schema_migrations" ("version") VALUES ($1) RETURNING "version"[0m  [["version", "20200311184142"]]
  [1m[35m (0.5ms)[0m  [1m[35mCOMMIT[0m
Migrating to CreateHabitRecords (20200311184400)
  [1m[35m (0.3ms)[0m  [1m[35mBEGIN[0m
  [1m[35m (3.6ms)[0m  [1m[35mCREATE TABLE "habit_records" ("id" bigserial primary key, "habit_id" bigint NOT NULL, "yes_date" date, "created_at" timestamp(6) NOT NULL, "updated_at" timestamp(6) NOT NULL, CONSTRAINT "fk_rails_939ca67622"
FOREIGN KEY ("habit_id")
  REFERENCES "habits" ("id")
)[0m
  [1m[35m (3.8ms)[0m  [1m[35mCREATE  INDEX  "index_habit_records_on_habit_id" ON "habit_records"  ("habit_id")[0m
  [1m[36mprimary::SchemaMigration Create (1.0ms)[0m  [1m[32mINSERT INTO "schema_migrations" ("version") VALUES ($1) RETURNING "version"[0m  [["version", "20200311184400"]]
  [1m[35m (0.6ms)[0m  [1m[35mCOMMIT[0m
Migrating to CreateMoodRecords (20200311185333)
  [1m[35m (0.5ms)[0m  [1m[35mBEGIN[0m
  [1m[35m (9.1ms)[0m  [1m[35mCREATE TABLE "mood_records" ("id" bigserial primary key, "user_id" bigint NOT NULL, "mood" integer, "date" date, "created_at" timestamp(6) NOT NULL, "updated_at" timestamp(6) NOT NULL, CONSTRAINT "fk_rails_5ce2bb1f9c"
FOREIGN KEY ("user_id")
  REFERENCES "users" ("id")
)[0m
  [1m[35m (1.4ms)[0m  [1m[35mCREATE  INDEX  "index_mood_records_on_user_id" ON "mood_records"  ("user_id")[0m
  [1m[36mprimary::SchemaMigration Create (0.4ms)[0m  [1m[32mINSERT INTO "schema_migrations" ("version") VALUES ($1) RETURNING "version"[0m  [["version", "20200311185333"]]
  [1m[35m (0.5ms)[0m  [1m[35mCOMMIT[0m
Migrating to CreateLifeWheels (20200311185455)
  [1m[35m (0.2ms)[0m  [1m[35mBEGIN[0m
  [1m[35m (11.0ms)[0m  [1m[35mCREATE TABLE "life_wheels" ("id" bigserial primary key, "user_id" bigint NOT NULL, "name" character varying, "date" date, "created_at" timestamp(6) NOT NULL, "updated_at" timestamp(6) NOT NULL, CONSTRAINT "fk_rails_348c45e67d"
FOREIGN KEY ("user_id")
  REFERENCES "users" ("id")
)[0m
  [1m[35m (1.2ms)[0m  [1m[35mCREATE  INDEX  "index_life_wheels_on_user_id" ON "life_wheels"  ("user_id")[0m
  [1m[36mprimary::SchemaMigration Create (2.8ms)[0m  [1m[32mINSERT INTO "schema_migrations" ("version") VALUES ($1) RETURNING "version"[0m  [["version", "20200311185455"]]
  [1m[35m (0.8ms)[0m  [1m[35mCOMMIT[0m
Migrating to CreateCategories (20200311185555)
  [1m[35m (0.5ms)[0m  [1m[35mBEGIN[0m
  [1m[35m (4.5ms)[0m  [1m[35mCREATE TABLE "categories" ("id" bigserial primary key, "user_id" bigint NOT NULL, "name" character varying, "created_at" timestamp(6) NOT NULL, "updated_at" timestamp(6) NOT NULL, CONSTRAINT "fk_rails_b8e2f7adfc"
FOREIGN KEY ("user_id")
  REFERENCES "users" ("id")
)[0m
  [1m[35m (1.7ms)[0m  [1m[35mCREATE  INDEX  "index_categories_on_user_id" ON "categories"  ("user_id")[0m
  [1m[36mprimary::SchemaMigration Create (0.3ms)[0m  [1m[32mINSERT INTO "schema_migrations" ("version") VALUES ($1) RETURNING "version"[0m  [["version", "20200311185555"]]
  [1m[35m (0.5ms)[0m  [1m[35mCOMMIT[0m
Migrating to CreateCategoryScores (20200311185714)
  [1m[35m (0.4ms)[0m  [1m[35mBEGIN[0m
  [1m[35m (8.1ms)[0m  [1m[35mCREATE TABLE "category_scores" ("id" bigserial primary key, "category_id" bigint NOT NULL, "life_wheel_id" bigint NOT NULL, "score" integer, "comment" character varying, "created_at" timestamp(6) NOT NULL, "updated_at" timestamp(6) NOT NULL, CONSTRAINT "fk_rails_f7108faf6c"
FOREIGN KEY ("category_id")
  REFERENCES "categories" ("id")
, CONSTRAINT "fk_rails_048120b0b0"
FOREIGN KEY ("life_wheel_id")
  REFERENCES "life_wheels" ("id")
)[0m
  [1m[35m (1.4ms)[0m  [1m[35mCREATE  INDEX  "index_category_scores_on_category_id" ON "category_scores"  ("category_id")[0m
  [1m[35m (1.6ms)[0m  [1m[35mCREATE  INDEX  "index_category_scores_on_life_wheel_id" ON "category_scores"  ("life_wheel_id")[0m
  [1m[36mprimary::SchemaMigration Create (0.3ms)[0m  [1m[32mINSERT INTO "schema_migrations" ("version") VALUES ($1) RETURNING "version"[0m  [["version", "20200311185714"]]
  [1m[35m (0.5ms)[0m  [1m[35mCOMMIT[0m
  [1m[36mActiveRecord::InternalMetadata Load (0.7ms)[0m  [1m[34mSELECT "ar_internal_metadata".* FROM "ar_internal_metadata" WHERE "ar_internal_metadata"."key" = $1 LIMIT $2[0m  [["key", "environment"], ["LIMIT", 1]]
  [1m[35m (0.2ms)[0m  [1m[35mBEGIN[0m
  [1m[36mActiveRecord::InternalMetadata Create (1.0ms)[0m  [1m[32mINSERT INTO "ar_internal_metadata" ("key", "value", "created_at", "updated_at") VALUES ($1, $2, $3, $4) RETURNING "key"[0m  [["key", "environment"], ["value", "development"], ["created_at", "2020-03-11 19:51:33.765865"], ["updated_at", "2020-03-11 19:51:33.765865"]]
  [1m[35m (0.4ms)[0m  [1m[35mCOMMIT[0m
  [1m[35m (0.2ms)[0m  [1m[34mSELECT pg_advisory_unlock(1278353311543750155)[0m
  [1m[35m (1.6ms)[0m  [1m[34mSELECT "schema_migrations"."version" FROM "schema_migrations" ORDER BY "schema_migrations"."version" ASC[0m
  [1m[35m (0.2ms)[0m  [1m[34mSELECT pg_try_advisory_lock(1278353311543750155)[0m
  [1m[35m (1.1ms)[0m  [1m[34mSELECT "schema_migrations"."version" FROM "schema_migrations" ORDER BY "schema_migrations"."version" ASC[0m
  [1m[36mActiveRecord::InternalMetadata Load (1.1ms)[0m  [1m[34mSELECT "ar_internal_metadata".* FROM "ar_internal_metadata" WHERE "ar_internal_metadata"."key" = $1 LIMIT $2[0m  [["key", "environment"], ["LIMIT", 1]]
  [1m[35m (0.2ms)[0m  [1m[34mSELECT pg_advisory_unlock(1278353311543750155)[0m
  [1m[35m (0.8ms)[0m  [1m[34mSELECT "schema_migrations"."version" FROM "schema_migrations" ORDER BY "schema_migrations"."version" ASC[0m
  [1m[35m (0.9ms)[0m  [1m[34mSELECT "schema_migrations"."version" FROM "schema_migrations" ORDER BY "schema_migrations"."version" ASC[0m
  [1m[36mUser Load (1.3ms)[0m  [1m[34mSELECT "users".* FROM "users"[0m
  [1m[36mHabit Load (1.8ms)[0m  [1m[34mSELECT "habits".* FROM "habits"[0m
  [1m[35m (0.2ms)[0m  [1m[35mBEGIN[0m
  [1m[36mUser Create (0.5ms)[0m  [1m[32mINSERT INTO "users" ("email", "name", "password", "created_at", "updated_at") VALUES ($1, $2, $3, $4, $5) RETURNING "id"[0m  [["email", "alona@alona.com"], ["name", "Alona"], ["password", "123"], ["created_at", "2020-03-11 19:56:18.611009"], ["updated_at", "2020-03-11 19:56:18.611009"]]
  [1m[35m (0.4ms)[0m  [1m[35mCOMMIT[0m
  [1m[35m (0.1ms)[0m  [1m[35mBEGIN[0m
  [1m[36mUser Create (0.4ms)[0m  [1m[32mINSERT INTO "users" ("email", "name", "password", "created_at", "updated_at") VALUES ($1, $2, $3, $4, $5) RETURNING "id"[0m  [["email", "calvin@calvin.com"], ["name", "Calvin"], ["password", "123"], ["created_at", "2020-03-11 19:56:18.614822"], ["updated_at", "2020-03-11 19:56:18.614822"]]
  [1m[35m (0.5ms)[0m  [1m[35mCOMMIT[0m
  [1m[36mUser Load (0.4ms)[0m  [1m[34mSELECT "users".* FROM "users" LIMIT $1[0m  [["LIMIT", 11]]
  [1m[35m (4.8ms)[0m  [1m[34mSELECT "schema_migrations"."version" FROM "schema_migrations" ORDER BY "schema_migrations"."version" ASC[0m
  [1m[36mUser Load (3.3ms)[0m  [1m[34mSELECT "users".* FROM "users"[0m
  [1m[35m (0.2ms)[0m  [1m[35mBEGIN[0m
  [1m[36mUser Destroy (12.0ms)[0m  [1m[31mDELETE FROM "users" WHERE "users"."id" = $1[0m  [["id", 1]]
  [1m[35m (2.2ms)[0m  [1m[35mCOMMIT[0m
  [1m[35m (0.2ms)[0m  [1m[35mBEGIN[0m
  [1m[36mUser Destroy (0.9ms)[0m  [1m[31mDELETE FROM "users" WHERE "users"."id" = $1[0m  [["id", 2]]
  [1m[35m (2.1ms)[0m  [1m[35mCOMMIT[0m
  [1m[36mHabit Load (0.5ms)[0m  [1m[34mSELECT "habits".* FROM "habits"[0m
  [1m[35m (0.1ms)[0m  [1m[35mBEGIN[0m
  [1m[36mUser Create (7.6ms)[0m  [1m[32mINSERT INTO "users" ("email", "name", "password", "created_at", "updated_at") VALUES ($1, $2, $3, $4, $5) RETURNING "id"[0m  [["email", "alona@alona.com"], ["name", "Alona"], ["password", "123"], ["created_at", "2020-03-12 14:01:44.243907"], ["updated_at", "2020-03-12 14:01:44.243907"]]
  [1m[35m (0.7ms)[0m  [1m[35mCOMMIT[0m
  [1m[35m (0.2ms)[0m  [1m[35mBEGIN[0m
  [1m[36mUser Create (0.5ms)[0m  [1m[32mINSERT INTO "users" ("email", "name", "password", "created_at", "updated_at") VALUES ($1, $2, $3, $4, $5) RETURNING "id"[0m  [["email", "calvin@calvin.com"], ["name", "Calvin"], ["password", "123"], ["created_at", "2020-03-12 14:01:44.256487"], ["updated_at", "2020-03-12 14:01:44.256487"]]
  [1m[35m (0.5ms)[0m  [1m[35mCOMMIT[0m
  [1m[35m (0.2ms)[0m  [1m[35mBEGIN[0m
  [1m[36mHabit Create (1.1ms)[0m  [1m[32mINSERT INTO "habits" ("name", "user_id", "start_date", "end_date", "created_at", "updated_at") VALUES ($1, $2, $3, $4, $5, $6) RETURNING "id"[0m  [["name", "hydrate"], ["user_id", 1], ["start_date", "2020-02-03"], ["end_date", "2020-04-07"], ["created_at", "2020-03-12 14:01:44.275236"], ["updated_at", "2020-03-12 14:01:44.275236"]]
  [1m[35m (3.6ms)[0m  [1m[35mCOMMIT[0m
  [1m[35m (0.2ms)[0m  [1m[35mBEGIN[0m
  [1m[36mHabit Create (0.5ms)[0m  [1m[32mINSERT INTO "habits" ("name", "user_id", "start_date", "end_date", "created_at", "updated_at") VALUES ($1, $2, $3, $4, $5, $6) RETURNING "id"[0m  [["name", "jumping jacks"], ["user_id", 1], ["start_date", "2020-03-02"], ["end_date", "2020-07-04"], ["created_at", "2020-03-12 14:01:44.285759"], ["updated_at", "2020-03-12 14:01:44.285759"]]
  [1m[35m (0.5ms)[0m  [1m[35mCOMMIT[0m
  [1m[36mHabit Load (0.5ms)[0m  [1m[34mSELECT "habits".* FROM "habits" LIMIT $1[0m  [["LIMIT", 11]]
  [1m[36mUser Load (0.6ms)[0m  [1m[34mSELECT "users".* FROM "users" ORDER BY "users"."id" ASC LIMIT $1[0m  [["LIMIT", 1]]
  [1m[36mHabit Load (1.0ms)[0m  [1m[34mSELECT "habits".* FROM "habits" WHERE "habits"."user_id" = $1 LIMIT $2[0m  [["user_id", 1], ["LIMIT", 11]]
  [1m[35m (2.5ms)[0m  [1m[34mSELECT "schema_migrations"."version" FROM "schema_migrations" ORDER BY "schema_migrations"."version" ASC[0m
  [1m[35m (0.7ms)[0m  [1m[34mSELECT "schema_migrations"."version" FROM "schema_migrations" ORDER BY "schema_migrations"."version" ASC[0m
  [1m[36mUser Load (0.7ms)[0m  [1m[34mSELECT "users".* FROM "users"[0m
  [1m[35m (0.2ms)[0m  [1m[35mBEGIN[0m
  [1m[36mUser Destroy (8.5ms)[0m  [1m[31mDELETE FROM "users" WHERE "users"."id" = $1[0m  [["id", 1]]
  [1m[35m (0.2ms)[0m  [1m[31mROLLBACK[0m
  [1m[35m (0.8ms)[0m  [1m[34mSELECT "schema_migrations"."version" FROM "schema_migrations" ORDER BY "schema_migrations"."version" ASC[0m
  [1m[36mUser Load (0.8ms)[0m  [1m[34mSELECT "users".* FROM "users"[0m
  [1m[35m (0.2ms)[0m  [1m[35mBEGIN[0m
  [1m[36mUser Destroy (1.8ms)[0m  [1m[31mDELETE FROM "users" WHERE "users"."id" = $1[0m  [["id", 1]]
  [1m[35m (0.1ms)[0m  [1m[31mROLLBACK[0m
  [1m[35m (0.7ms)[0m  [1m[34mSELECT "schema_migrations"."version" FROM "schema_migrations" ORDER BY "schema_migrations"."version" ASC[0m
  [1m[36mHabit Load (0.8ms)[0m  [1m[34mSELECT "habits".* FROM "habits"[0m
  [1m[35m (0.1ms)[0m  [1m[35mBEGIN[0m
  [1m[36mHabit Destroy (4.8ms)[0m  [1m[31mDELETE FROM "habits" WHERE "habits"."id" = $1[0m  [["id", 1]]
  [1m[35m (0.7ms)[0m  [1m[35mCOMMIT[0m
  [1m[35m (0.1ms)[0m  [1m[35mBEGIN[0m
  [1m[36mHabit Destroy (0.5ms)[0m  [1m[31mDELETE FROM "habits" WHERE "habits"."id" = $1[0m  [["id", 2]]
  [1m[35m (0.5ms)[0m  [1m[35mCOMMIT[0m
  [1m[36mHabitRecord Load (0.3ms)[0m  [1m[34mSELECT "habit_records".* FROM "habit_records"[0m
  [1m[36mCategory Load (0.6ms)[0m  [1m[34mSELECT "categories".* FROM "categories"[0m
  [1m[35m (0.8ms)[0m  [1m[34mSELECT "schema_migrations"."version" FROM "schema_migrations" ORDER BY "schema_migrations"."version" ASC[0m
  [1m[36mHabit Load (0.7ms)[0m  [1m[34mSELECT "habits".* FROM "habits"[0m
  [1m[36mHabitRecord Load (0.5ms)[0m  [1m[34mSELECT "habit_records".* FROM "habit_records"[0m
  [1m[36mCategory Load (0.4ms)[0m  [1m[34mSELECT "categories".* FROM "categories"[0m
  [1m[35m (0.8ms)[0m  [1m[34mSELECT "schema_migrations"."version" FROM "schema_migrations" ORDER BY "schema_migrations"."version" ASC[0m
  [1m[36mHabit Load (0.7ms)[0m  [1m[34mSELECT "habits".* FROM "habits"[0m
  [1m[36mHabitRecord Load (0.6ms)[0m  [1m[34mSELECT "habit_records".* FROM "habit_records"[0m
  [1m[36mCategory Load (0.5ms)[0m  [1m[34mSELECT "categories".* FROM "categories"[0m
  [1m[36mCategoryScore Load (2.2ms)[0m  [1m[34mSELECT "category_scores".* FROM "category_scores"[0m
  [1m[36mLifeWheel Load (0.6ms)[0m  [1m[34mSELECT "life_wheels".* FROM "life_wheels"[0m
  [1m[36mMoodRecord Load (0.6ms)[0m  [1m[34mSELECT "mood_records".* FROM "mood_records"[0m
  [1m[36mUser Load (0.6ms)[0m  [1m[34mSELECT "users".* FROM "users"[0m
  [1m[35m (0.2ms)[0m  [1m[35mBEGIN[0m
  [1m[36mUser Destroy (1.3ms)[0m  [1m[31mDELETE FROM "users" WHERE "users"."id" = $1[0m  [["id", 1]]
  [1m[35m (1.0ms)[0m  [1m[35mCOMMIT[0m
  [1m[35m (0.2ms)[0m  [1m[35mBEGIN[0m
  [1m[36mUser Destroy (0.7ms)[0m  [1m[31mDELETE FROM "users" WHERE "users"."id" = $1[0m  [["id", 2]]
  [1m[35m (0.3ms)[0m  [1m[35mCOMMIT[0m
  [1m[35m (0.1ms)[0m  [1m[35mBEGIN[0m
  [1m[36mUser Create (1.4ms)[0m  [1m[32mINSERT INTO "users" ("email", "name", "password", "created_at", "updated_at") VALUES ($1, $2, $3, $4, $5) RETURNING "id"[0m  [["email", "alona@alona.com"], ["name", "Alona"], ["password", "123"], ["created_at", "2020-03-12 14:40:13.656884"], ["updated_at", "2020-03-12 14:40:13.656884"]]
  [1m[35m (0.5ms)[0m  [1m[35mCOMMIT[0m
  [1m[35m (0.1ms)[0m  [1m[35mBEGIN[0m
  [1m[36mUser Create (0.3ms)[0m  [1m[32mINSERT INTO "users" ("email", "name", "password", "created_at", "updated_at") VALUES ($1, $2, $3, $4, $5) RETURNING "id"[0m  [["email", "calvin@calvin.com"], ["name", "Calvin"], ["password", "123"], ["created_at", "2020-03-12 14:40:13.662215"], ["updated_at", "2020-03-12 14:40:13.662215"]]
  [1m[35m (0.5ms)[0m  [1m[35mCOMMIT[0m
  [1m[35m (0.2ms)[0m  [1m[35mBEGIN[0m
  [1m[36mHabit Create (0.7ms)[0m  [1m[32mINSERT INTO "habits" ("name", "user_id", "start_date", "end_date", "created_at", "updated_at") VALUES ($1, $2, $3, $4, $5, $6) RETURNING "id"[0m  [["name", "hydrate"], ["user_id", 1], ["start_date", "2020-02-03"], ["end_date", "2020-04-07"], ["created_at", "2020-03-12 14:40:13.681780"], ["updated_at", "2020-03-12 14:40:13.681780"]]
  [1m[35m (0.5ms)[0m  [1m[35mCOMMIT[0m
  [1m[35m (0.1ms)[0m  [1m[35mBEGIN[0m
  [1m[36mHabit Create (0.4ms)[0m  [1m[32mINSERT INTO "habits" ("name", "user_id", "start_date", "end_date", "created_at", "updated_at") VALUES ($1, $2, $3, $4, $5, $6) RETURNING "id"[0m  [["name", "jumping jacks"], ["user_id", 1], ["start_date", "2020-03-02"], ["end_date", "2020-07-04"], ["created_at", "2020-03-12 14:40:13.686653"], ["updated_at", "2020-03-12 14:40:13.686653"]]
  [1m[35m (0.4ms)[0m  [1m[35mCOMMIT[0m
  [1m[35m (0.8ms)[0m  [1m[34mSELECT "schema_migrations"."version" FROM "schema_migrations" ORDER BY "schema_migrations"."version" ASC[0m
  [1m[36mHabit Load (0.7ms)[0m  [1m[34mSELECT "habits".* FROM "habits"[0m
  [1m[35m (0.2ms)[0m  [1m[35mBEGIN[0m
  [1m[36mHabit Destroy (1.2ms)[0m  [1m[31mDELETE FROM "habits" WHERE "habits"."id" = $1[0m  [["id", 1]]
  [1m[35m (2.0ms)[0m  [1m[35mCOMMIT[0m
  [1m[35m (0.2ms)[0m  [1m[35mBEGIN[0m
  [1m[36mHabit Destroy (0.5ms)[0m  [1m[31mDELETE FROM "habits" WHERE "habits"."id" = $1[0m  [["id", 2]]
  [1m[35m (0.5ms)[0m  [1m[35mCOMMIT[0m
  [1m[36mHabitRecord Load (0.3ms)[0m  [1m[34mSELECT "habit_records".* FROM "habit_records"[0m
  [1m[36mCategory Load (0.5ms)[0m  [1m[34mSELECT "categories".* FROM "categories"[0m
  [1m[36mCategoryScore Load (0.7ms)[0m  [1m[34mSELECT "category_scores".* FROM "category_scores"[0m
  [1m[36mLifeWheel Load (0.6ms)[0m  [1m[34mSELECT "life_wheels".* FROM "life_wheels"[0m
  [1m[36mMoodRecord Load (0.6ms)[0m  [1m[34mSELECT "mood_records".* FROM "mood_records"[0m
  [1m[36mUser Load (0.5ms)[0m  [1m[34mSELECT "users".* FROM "users"[0m
  [1m[35m (0.1ms)[0m  [1m[35mBEGIN[0m
  [1m[36mUser Destroy (1.1ms)[0m  [1m[31mDELETE FROM "users" WHERE "users"."id" = $1[0m  [["id", 1]]
  [1m[35m (0.5ms)[0m  [1m[35mCOMMIT[0m
  [1m[35m (0.1ms)[0m  [1m[35mBEGIN[0m
  [1m[36mUser Destroy (0.7ms)[0m  [1m[31mDELETE FROM "users" WHERE "users"."id" = $1[0m  [["id", 2]]
  [1m[35m (0.5ms)[0m  [1m[35mCOMMIT[0m
  [1m[35m (0.1ms)[0m  [1m[35mBEGIN[0m
  [1m[36mUser Create (0.4ms)[0m  [1m[32mINSERT INTO "users" ("email", "name", "password", "created_at", "updated_at") VALUES ($1, $2, $3, $4, $5) RETURNING "id"[0m  [["email", "alona@alona.com"], ["name", "Alona"], ["password", "123"], ["created_at", "2020-03-12 14:40:25.274739"], ["updated_at", "2020-03-12 14:40:25.274739"]]
  [1m[35m (0.4ms)[0m  [1m[35mCOMMIT[0m
  [1m[35m (0.1ms)[0m  [1m[35mBEGIN[0m
  [1m[36mUser Create (0.3ms)[0m  [1m[32mINSERT INTO "users" ("email", "name", "password", "created_at", "updated_at") VALUES ($1, $2, $3, $4, $5) RETURNING "id"[0m  [["email", "calvin@calvin.com"], ["name", "Calvin"], ["password", "123"], ["created_at", "2020-03-12 14:40:25.278677"], ["updated_at", "2020-03-12 14:40:25.278677"]]
  [1m[35m (0.4ms)[0m  [1m[35mCOMMIT[0m
  [1m[35m (0.1ms)[0m  [1m[35mBEGIN[0m
  [1m[36mHabit Create (0.5ms)[0m  [1m[32mINSERT INTO "habits" ("name", "user_id", "start_date", "end_date", "created_at", "updated_at") VALUES ($1, $2, $3, $4, $5, $6) RETURNING "id"[0m  [["name", "hydrate"], ["user_id", 1], ["start_date", "2020-02-03"], ["end_date", "2020-04-07"], ["created_at", "2020-03-12 14:40:25.283201"], ["updated_at", "2020-03-12 14:40:25.283201"]]
  [1m[35m (0.5ms)[0m  [1m[35mCOMMIT[0m
  [1m[35m (0.1ms)[0m  [1m[35mBEGIN[0m
  [1m[36mHabit Create (0.4ms)[0m  [1m[32mINSERT INTO "habits" ("name", "user_id", "start_date", "end_date", "created_at", "updated_at") VALUES ($1, $2, $3, $4, $5, $6) RETURNING "id"[0m  [["name", "jumping jacks"], ["user_id", 1], ["start_date", "2020-03-02"], ["end_date", "2020-07-04"], ["created_at", "2020-03-12 14:40:25.287115"], ["updated_at", "2020-03-12 14:40:25.287115"]]
  [1m[35m (0.5ms)[0m  [1m[35mCOMMIT[0m
  [1m[35m (0.8ms)[0m  [1m[34mSELECT "schema_migrations"."version" FROM "schema_migrations" ORDER BY "schema_migrations"."version" ASC[0m
  [1m[36mHabit Load (0.7ms)[0m  [1m[34mSELECT "habits".* FROM "habits"[0m
  [1m[35m (0.1ms)[0m  [1m[35mBEGIN[0m
  [1m[36mHabit Destroy (1.0ms)[0m  [1m[31mDELETE FROM "habits" WHERE "habits"."id" = $1[0m  [["id", 1]]
  [1m[35m (1.1ms)[0m  [1m[35mCOMMIT[0m
  [1m[35m (0.2ms)[0m  [1m[35mBEGIN[0m
  [1m[36mHabit Destroy (0.4ms)[0m  [1m[31mDELETE FROM "habits" WHERE "habits"."id" = $1[0m  [["id", 2]]
  [1m[35m (0.4ms)[0m  [1m[35mCOMMIT[0m
  [1m[36mHabitRecord Load (0.3ms)[0m  [1m[34mSELECT "habit_records".* FROM "habit_records"[0m
  [1m[36mCategory Load (0.6ms)[0m  [1m[34mSELECT "categories".* FROM "categories"[0m
  [1m[36mCategoryScore Load (0.6ms)[0m  [1m[34mSELECT "category_scores".* FROM "category_scores"[0m
  [1m[36mLifeWheel Load (0.6ms)[0m  [1m[34mSELECT "life_wheels".* FROM "life_wheels"[0m
  [1m[36mMoodRecord Load (0.8ms)[0m  [1m[34mSELECT "mood_records".* FROM "mood_records"[0m
  [1m[36mUser Load (1.0ms)[0m  [1m[34mSELECT "users".* FROM "users"[0m
  [1m[35m (0.2ms)[0m  [1m[35mBEGIN[0m
  [1m[36mUser Destroy (1.5ms)[0m  [1m[31mDELETE FROM "users" WHERE "users"."id" = $1[0m  [["id", 1]]
  [1m[35m (0.5ms)[0m  [1m[35mCOMMIT[0m
  [1m[35m (0.1ms)[0m  [1m[35mBEGIN[0m
  [1m[36mUser Destroy (1.1ms)[0m  [1m[31mDELETE FROM "users" WHERE "users"."id" = $1[0m  [["id", 2]]
  [1m[35m (0.3ms)[0m  [1m[35mCOMMIT[0m
  [1m[35m (0.1ms)[0m  [1m[35mBEGIN[0m
  [1m[36mUser Create (0.4ms)[0m  [1m[32mINSERT INTO "users" ("email", "name", "password", "created_at", "updated_at") VALUES ($1, $2, $3, $4, $5) RETURNING "id"[0m  [["email", "alona@alona.com"], ["name", "Alona"], ["password", "123"], ["created_at", "2020-03-12 14:40:55.331248"], ["updated_at", "2020-03-12 14:40:55.331248"]]
  [1m[35m (0.5ms)[0m  [1m[35mCOMMIT[0m
  [1m[35m (0.1ms)[0m  [1m[35mBEGIN[0m
  [1m[36mUser Create (0.3ms)[0m  [1m[32mINSERT INTO "users" ("email", "name", "password", "created_at", "updated_at") VALUES ($1, $2, $3, $4, $5) RETURNING "id"[0m  [["email", "calvin@calvin.com"], ["name", "Calvin"], ["password", "123"], ["created_at", "2020-03-12 14:40:55.335027"], ["updated_at", "2020-03-12 14:40:55.335027"]]
  [1m[35m (0.4ms)[0m  [1m[35mCOMMIT[0m
  [1m[35m (0.1ms)[0m  [1m[35mBEGIN[0m
  [1m[36mHabit Create (0.5ms)[0m  [1m[32mINSERT INTO "habits" ("name", "user_id", "start_date", "end_date", "created_at", "updated_at") VALUES ($1, $2, $3, $4, $5, $6) RETURNING "id"[0m  [["name", "hydrate"], ["user_id", 1], ["start_date", "2020-02-03"], ["end_date", "2020-04-07"], ["created_at", "2020-03-12 14:40:55.339521"], ["updated_at", "2020-03-12 14:40:55.339521"]]
  [1m[35m (0.4ms)[0m  [1m[35mCOMMIT[0m
  [1m[35m (0.1ms)[0m  [1m[35mBEGIN[0m
  [1m[36mHabit Create (0.4ms)[0m  [1m[32mINSERT INTO "habits" ("name", "user_id", "start_date", "end_date", "created_at", "updated_at") VALUES ($1, $2, $3, $4, $5, $6) RETURNING "id"[0m  [["name", "jumping jacks"], ["user_id", 1], ["start_date", "2020-03-02"], ["end_date", "2020-07-04"], ["created_at", "2020-03-12 14:40:55.343087"], ["updated_at", "2020-03-12 14:40:55.343087"]]
  [1m[35m (0.4ms)[0m  [1m[35mCOMMIT[0m
  [1m[35m (0.1ms)[0m  [1m[35mBEGIN[0m
  [1m[36mHabitRecord Create (0.8ms)[0m  [1m[32mINSERT INTO "habit_records" ("habit_id", "yes_date", "created_at", "updated_at") VALUES ($1, $2, $3, $4) RETURNING "id"[0m  [["habit_id", 1], ["yes_date", "2020-03-12"], ["created_at", "2020-03-12 14:40:55.351339"], ["updated_at", "2020-03-12 14:40:55.351339"]]
  [1m[35m (0.4ms)[0m  [1m[35mCOMMIT[0m
  [1m[35m (0.1ms)[0m  [1m[35mBEGIN[0m
  [1m[36mHabitRecord Create (0.4ms)[0m  [1m[32mINSERT INTO "habit_records" ("habit_id", "yes_date", "created_at", "updated_at") VALUES ($1, $2, $3, $4) RETURNING "id"[0m  [["habit_id", 1], ["yes_date", "2020-03-11"], ["created_at", "2020-03-12 14:40:55.355042"], ["updated_at", "2020-03-12 14:40:55.355042"]]
  [1m[35m (0.4ms)[0m  [1m[35mCOMMIT[0m
  [1m[35m (0.1ms)[0m  [1m[35mBEGIN[0m
  [1m[36mMoodRecord Create (0.7ms)[0m  [1m[32mINSERT INTO "mood_records" ("user_id", "mood", "date", "created_at", "updated_at") VALUES ($1, $2, $3, $4, $5) RETURNING "id"[0m  [["user_id", 1], ["mood", 3], ["date", "2020-03-12"], ["created_at", "2020-03-12 14:40:55.364446"], ["updated_at", "2020-03-12 14:40:55.364446"]]
  [1m[35m (0.5ms)[0m  [1m[35mCOMMIT[0m
  [1m[35m (0.1ms)[0m  [1m[35mBEGIN[0m
  [1m[36mMoodRecord Create (0.4ms)[0m  [1m[32mINSERT INTO "mood_records" ("user_id", "mood", "date", "created_at", "updated_at") VALUES ($1, $2, $3, $4, $5) RETURNING "id"[0m  [["user_id", 1], ["mood", 4], ["date", "2020-03-11"], ["created_at", "2020-03-12 14:40:55.368249"], ["updated_at", "2020-03-12 14:40:55.368249"]]
  [1m[35m (0.4ms)[0m  [1m[35mCOMMIT[0m
  [1m[35m (0.2ms)[0m  [1m[35mBEGIN[0m
  [1m[36mCategory Create (0.6ms)[0m  [1m[32mINSERT INTO "categories" ("user_id", "name", "created_at", "updated_at") VALUES ($1, $2, $3, $4) RETURNING "id"[0m  [["user_id", 1], ["name", "Health"], ["created_at", "2020-03-12 14:40:55.376569"], ["updated_at", "2020-03-12 14:40:55.376569"]]
  [1m[35m (0.4ms)[0m  [1m[35mCOMMIT[0m
  [1m[35m (0.1ms)[0m  [1m[35mBEGIN[0m
  [1m[36mCategory Create (0.4ms)[0m  [1m[32mINSERT INTO "categories" ("user_id", "name", "created_at", "updated_at") VALUES ($1, $2, $3, $4) RETURNING "id"[0m  [["user_id", 1], ["name", "Family"], ["created_at", "2020-03-12 14:40:55.380310"], ["updated_at", "2020-03-12 14:40:55.380310"]]
  [1m[35m (0.4ms)[0m  [1m[35mCOMMIT[0m
  [1m[35m (0.1ms)[0m  [1m[35mBEGIN[0m
  [1m[36mCategory Create (0.8ms)[0m  [1m[32mINSERT INTO "categories" ("user_id", "name", "created_at", "updated_at") VALUES ($1, $2, $3, $4) RETURNING "id"[0m  [["user_id", 1], ["name", "Career"], ["created_at", "2020-03-12 14:40:55.383606"], ["updated_at", "2020-03-12 14:40:55.383606"]]
  [1m[35m (0.5ms)[0m  [1m[35mCOMMIT[0m
  [1m[35m (0.1ms)[0m  [1m[35mBEGIN[0m
  [1m[36mLifeWheel Create (0.7ms)[0m  [1m[32mINSERT INTO "life_wheels" ("user_id", "name", "date", "created_at", "updated_at") VALUES ($1, $2, $3, $4, $5) RETURNING "id"[0m  [["user_id", 1], ["name", "Winter"], ["date", "2020-01-01"], ["created_at", "2020-03-12 14:40:55.393316"], ["updated_at", "2020-03-12 14:40:55.393316"]]
  [1m[35m (0.3ms)[0m  [1m[35mCOMMIT[0m
  [1m[35m (0.1ms)[0m  [1m[35mBEGIN[0m
  [1m[36mLifeWheel Create (0.4ms)[0m  [1m[32mINSERT INTO "life_wheels" ("user_id", "name", "date", "created_at", "updated_at") VALUES ($1, $2, $3, $4, $5) RETURNING "id"[0m  [["user_id", 1], ["name", "Spring"], ["date", "2020-03-10"], ["created_at", "2020-03-12 14:40:55.397162"], ["updated_at", "2020-03-12 14:40:55.397162"]]
  [1m[35m (0.5ms)[0m  [1m[35mCOMMIT[0m
  [1m[35m (0.1ms)[0m  [1m[35mBEGIN[0m
  [1m[36mCategoryScore Create (0.8ms)[0m  [1m[32mINSERT INTO "category_scores" ("category_id", "life_wheel_id", "score", "comment", "created_at", "updated_at") VALUES ($1, $2, $3, $4, $5, $6) RETURNING "id"[0m  [["category_id", 1], ["life_wheel_id", 1], ["score", 7], ["comment", "need to eat more vitamins"], ["created_at", "2020-03-12 14:40:55.416734"], ["updated_at", "2020-03-12 14:40:55.416734"]]
  [1m[35m (0.5ms)[0m  [1m[35mCOMMIT[0m
  [1m[35m (0.1ms)[0m  [1m[35mBEGIN[0m
  [1m[36mCategoryScore Create (0.5ms)[0m  [1m[32mINSERT INTO "category_scores" ("category_id", "life_wheel_id", "score", "created_at", "updated_at") VALUES ($1, $2, $3, $4, $5) RETURNING "id"[0m  [["category_id", 2], ["life_wheel_id", 1], ["score", 10], ["created_at", "2020-03-12 14:40:55.420890"], ["updated_at", "2020-03-12 14:40:55.420890"]]
  [1m[35m (0.4ms)[0m  [1m[35mCOMMIT[0m
  [1m[35m (0.1ms)[0m  [1m[35mBEGIN[0m
  [1m[36mCategoryScore Create (0.5ms)[0m  [1m[32mINSERT INTO "category_scores" ("category_id", "life_wheel_id", "score", "comment", "created_at", "updated_at") VALUES ($1, $2, $3, $4, $5, $6) RETURNING "id"[0m  [["category_id", 3], ["life_wheel_id", 1], ["score", 3], ["comment", "start the job search"], ["created_at", "2020-03-12 14:40:55.424348"], ["updated_at", "2020-03-12 14:40:55.424348"]]
  [1m[35m (0.4ms)[0m  [1m[35mCOMMIT[0m
  [1m[35m (0.1ms)[0m  [1m[35mBEGIN[0m
  [1m[36mCategoryScore Create (0.5ms)[0m  [1m[32mINSERT INTO "category_scores" ("category_id", "life_wheel_id", "score", "comment", "created_at", "updated_at") VALUES ($1, $2, $3, $4, $5, $6) RETURNING "id"[0m  [["category_id", 1], ["life_wheel_id", 2], ["score", 4], ["comment", "always tired - figure out why"], ["created_at", "2020-03-12 14:40:55.427700"], ["updated_at", "2020-03-12 14:40:55.427700"]]
  [1m[35m (0.4ms)[0m  [1m[35mCOMMIT[0m
  [1m[35m (0.1ms)[0m  [1m[35mBEGIN[0m
  [1m[36mCategoryScore Create (0.4ms)[0m  [1m[32mINSERT INTO "category_scores" ("category_id", "life_wheel_id", "score", "comment", "created_at", "updated_at") VALUES ($1, $2, $3, $4, $5, $6) RETURNING "id"[0m  [["category_id", 2], ["life_wheel_id", 2], ["score", 6], ["comment", "call my parents more often"], ["created_at", "2020-03-12 14:40:55.430979"], ["updated_at", "2020-03-12 14:40:55.430979"]]
  [1m[35m (0.3ms)[0m  [1m[35mCOMMIT[0m
  [1m[35m (0.1ms)[0m  [1m[35mBEGIN[0m
  [1m[36mCategoryScore Create (0.6ms)[0m  [1m[32mINSERT INTO "category_scores" ("category_id", "life_wheel_id", "score", "comment", "created_at", "updated_at") VALUES ($1, $2, $3, $4, $5, $6) RETURNING "id"[0m  [["category_id", 3], ["life_wheel_id", 2], ["score", 10], ["comment", "best job ever!"], ["created_at", "2020-03-12 14:40:55.434155"], ["updated_at", "2020-03-12 14:40:55.434155"]]
  [1m[35m (0.5ms)[0m  [1m[35mCOMMIT[0m
  [1m[36mUser Load (0.5ms)[0m  [1m[34mSELECT "users".* FROM "users" ORDER BY "users"."id" ASC LIMIT $1[0m  [["LIMIT", 1]]
  [1m[36mCategory Load (0.6ms)[0m  [1m[34mSELECT "categories".* FROM "categories" WHERE "categories"."user_id" = $1 LIMIT $2[0m  [["user_id", 1], ["LIMIT", 11]]
  [1m[36mUser Load (0.4ms)[0m  [1m[34mSELECT "users".* FROM "users" ORDER BY "users"."id" ASC LIMIT $1[0m  [["LIMIT", 1]]
  [1m[36mCategoryScore Load (2.5ms)[0m  [1m[34mSELECT "category_scores".* FROM "category_scores" INNER JOIN "life_wheels" ON "category_scores"."life_wheel_id" = "life_wheels"."id" WHERE "life_wheels"."user_id" = $1 LIMIT $2[0m  [["user_id", 1], ["LIMIT", 11]]
Started GET "/habits" for ::1 at 2020-03-12 14:27:07 -0400
  [1m[35m (9.1ms)[0m  [1m[34mSELECT "schema_migrations"."version" FROM "schema_migrations" ORDER BY "schema_migrations"."version" ASC[0m
  
AbstractController::ActionNotFound (The action 'index' could not be found for HabitsController):
  
actionpack (6.0.2.1) lib/abstract_controller/base.rb:131:in `process'
actionpack (6.0.2.1) lib/action_controller/metal.rb:191:in `dispatch'
actionpack (6.0.2.1) lib/action_controller/metal.rb:252:in `dispatch'
actionpack (6.0.2.1) lib/action_dispatch/routing/route_set.rb:51:in `dispatch'
actionpack (6.0.2.1) lib/action_dispatch/routing/route_set.rb:33:in `serve'
actionpack (6.0.2.1) lib/action_dispatch/journey/router.rb:49:in `block in serve'
actionpack (6.0.2.1) lib/action_dispatch/journey/router.rb:32:in `each'
actionpack (6.0.2.1) lib/action_dispatch/journey/router.rb:32:in `serve'
actionpack (6.0.2.1) lib/action_dispatch/routing/route_set.rb:837:in `call'
rack (2.2.2) lib/rack/etag.rb:27:in `call'
rack (2.2.2) lib/rack/conditional_get.rb:27:in `call'
rack (2.2.2) lib/rack/head.rb:12:in `call'
activerecord (6.0.2.1) lib/active_record/migration.rb:567:in `call'
actionpack (6.0.2.1) lib/action_dispatch/middleware/callbacks.rb:27:in `block in call'
activesupport (6.0.2.1) lib/active_support/callbacks.rb:101:in `run_callbacks'
actionpack (6.0.2.1) lib/action_dispatch/middleware/callbacks.rb:26:in `call'
actionpack (6.0.2.1) lib/action_dispatch/middleware/executor.rb:14:in `call'
actionpack (6.0.2.1) lib/action_dispatch/middleware/actionable_exceptions.rb:17:in `call'
actionpack (6.0.2.1) lib/action_dispatch/middleware/debug_exceptions.rb:32:in `call'
actionpack (6.0.2.1) lib/action_dispatch/middleware/show_exceptions.rb:33:in `call'
railties (6.0.2.1) lib/rails/rack/logger.rb:38:in `call_app'
railties (6.0.2.1) lib/rails/rack/logger.rb:26:in `block in call'
activesupport (6.0.2.1) lib/active_support/tagged_logging.rb:80:in `block in tagged'
activesupport (6.0.2.1) lib/active_support/tagged_logging.rb:28:in `tagged'
activesupport (6.0.2.1) lib/active_support/tagged_logging.rb:80:in `tagged'
railties (6.0.2.1) lib/rails/rack/logger.rb:26:in `call'
actionpack (6.0.2.1) lib/action_dispatch/middleware/remote_ip.rb:81:in `call'
actionpack (6.0.2.1) lib/action_dispatch/middleware/request_id.rb:27:in `call'
rack (2.2.2) lib/rack/runtime.rb:22:in `call'
activesupport (6.0.2.1) lib/active_support/cache/strategy/local_cache_middleware.rb:29:in `call'
actionpack (6.0.2.1) lib/action_dispatch/middleware/executor.rb:14:in `call'
actionpack (6.0.2.1) lib/action_dispatch/middleware/static.rb:126:in `call'
rack (2.2.2) lib/rack/sendfile.rb:110:in `call'
actionpack (6.0.2.1) lib/action_dispatch/middleware/host_authorization.rb:83:in `call'
railties (6.0.2.1) lib/rails/engine.rb:526:in `call'
puma (4.3.3) lib/puma/configuration.rb:228:in `call'
puma (4.3.3) lib/puma/server.rb:682:in `handle_request'
puma (4.3.3) lib/puma/server.rb:472:in `process_client'
puma (4.3.3) lib/puma/server.rb:328:in `block in run'
puma (4.3.3) lib/puma/thread_pool.rb:134:in `block in spawn_thread'
Started GET "/favicon.ico" for ::1 at 2020-03-12 14:27:07 -0400
  
ActionController::RoutingError (No route matches [GET] "/favicon.ico"):
  
actionpack (6.0.2.1) lib/action_dispatch/middleware/debug_exceptions.rb:36:in `call'
actionpack (6.0.2.1) lib/action_dispatch/middleware/show_exceptions.rb:33:in `call'
railties (6.0.2.1) lib/rails/rack/logger.rb:38:in `call_app'
railties (6.0.2.1) lib/rails/rack/logger.rb:26:in `block in call'
activesupport (6.0.2.1) lib/active_support/tagged_logging.rb:80:in `block in tagged'
activesupport (6.0.2.1) lib/active_support/tagged_logging.rb:28:in `tagged'
activesupport (6.0.2.1) lib/active_support/tagged_logging.rb:80:in `tagged'
railties (6.0.2.1) lib/rails/rack/logger.rb:26:in `call'
actionpack (6.0.2.1) lib/action_dispatch/middleware/remote_ip.rb:81:in `call'
actionpack (6.0.2.1) lib/action_dispatch/middleware/request_id.rb:27:in `call'
rack (2.2.2) lib/rack/runtime.rb:22:in `call'
activesupport (6.0.2.1) lib/active_support/cache/strategy/local_cache_middleware.rb:29:in `call'
actionpack (6.0.2.1) lib/action_dispatch/middleware/executor.rb:14:in `call'
actionpack (6.0.2.1) lib/action_dispatch/middleware/static.rb:126:in `call'
rack (2.2.2) lib/rack/sendfile.rb:110:in `call'
actionpack (6.0.2.1) lib/action_dispatch/middleware/host_authorization.rb:83:in `call'
railties (6.0.2.1) lib/rails/engine.rb:526:in `call'
puma (4.3.3) lib/puma/configuration.rb:228:in `call'
puma (4.3.3) lib/puma/server.rb:682:in `handle_request'
puma (4.3.3) lib/puma/server.rb:472:in `process_client'
puma (4.3.3) lib/puma/server.rb:328:in `block in run'
puma (4.3.3) lib/puma/thread_pool.rb:134:in `block in spawn_thread'
Started GET "/habits" for ::1 at 2020-03-12 14:29:03 -0400
Processing by HabitsController#index as HTML
  [1m[36mHabit Load (8.2ms)[0m  [1m[34mSELECT "habits".* FROM "habits"[0m
  ↳ app/controllers/habits_controller.rb:5:in `index'
Completed 200 OK in 39ms (Views: 10.8ms | ActiveRecord: 19.0ms | Allocations: 7495)


